<?xml version="1.0" encoding="UTF-8"?>
<testsuite name="[GET] [UM-L-0001] Verify Login And Get Access, Refresh Token and Tenant ID"
           tests="14"
           failures="0"
           errors="0"
           skipped="0"
           time="54.781">
    <properties></properties>



            <testcase
                name="Entering820InTextBox"
                time="2.033"
                classname="pagetests.fitpeoTests">
            </testcase>
            <testcase
                name="NavigateToFitPeoPage"
                time="0.013"
                classname="pagetests.fitpeoTests">
            </testcase>
            <testcase
                name="ClickOnFourthCPT"
                time="0.581"
                classname="pagetests.fitpeoTests">
            </testcase>
            <testcase
                name="CheckSliderTextBoxValueIs820"
                time="0.037"
                classname="pagetests.fitpeoTests">
            </testcase>
            <testcase
                name="ClearTextBoxAndEnterNewValue"
                time="1.179"
                classname="pagetests.fitpeoTests">
            </testcase>
            <testcase
                name="MoveToSlider"
                time="0.368"
                classname="pagetests.fitpeoTests">
            </testcase>
            <testcase
                name="NavigateToRevenueCalculator"
                time="1.022"
                classname="pagetests.fitpeoTests">
            </testcase>
            <testcase
                name="ClickOnFirstCPT"
                time="0.309"
                classname="pagetests.fitpeoTests">
            </testcase>
            <testcase
                name="ClickOnSecondCPT"
                time="0.351"
                classname="pagetests.fitpeoTests">
            </testcase>
            <testcase
                name="CheckingTotalReimbursementValue"
                time="0.034"
                classname="pagetests.fitpeoTests">
            </testcase>
            <testcase
                name="MoveSliderTo820"
                time="48.505"
                classname="pagetests.fitpeoTests">
            </testcase>
            <testcase
                name="CheckSliderValueIs820"
                time="0.048"
                classname="pagetests.fitpeoTests">
            </testcase>
            <testcase
                name="ClickOnThirdCPT"
                time="0.271"
                classname="pagetests.fitpeoTests">
            </testcase>
            <testcase
                name="CheckSliderValueIs560"
                time="0.030"
                classname="pagetests.fitpeoTests">
            </testcase>
</testsuite>
